
Currently Loaded Modules:
  1) python3.8-anaconda/2020.07   2) cuda/11.2.1   3) cudnn/11.2-v8.1.0

 

Python 3.8.3
SLURM_NODELIST=gl1014
SLURM_JOB_NAME=genoZLZ1Only
MANPATH=/sw/arcts/centos7/cuda/11.2.1/doc/man:/sw/arcts/centos7/python3.8-anaconda/2020.07/lib:/sw/arcts/centos7/lmod/lmod/share/man:/usr/local/share/man:/usr/share/man/overrides:/usr/share/man:/opt/ddn/ime/share/man:/opt/slurm/share/man:/opt/TurboVNC/man
CUDA_PATH=/sw/arcts/centos7/cuda/11.2.1
XDG_SESSION_ID=28782
ANACONDA_INCLUDE=/sw/arcts/centos7/python3.8-anaconda/2020.07/include
SLURMD_NODENAME=gl1014
SLURM_TOPOLOGY_ADDR=gl1014
SLURM_NTASKS_PER_NODE=1
HOSTNAME=gl1014
_ModuleTable003_=Y3RzL2NlbnRvczcvbG1vZC9sbW9kL21vZHVsZWZpbGVzL0NvcmUiLCIvc3cvYXJjdHMvY2VudG9zNy9tb2R1bGVmaWxlcy9Db3JlIiwiL3N3L2FyYy9jZW50b3M3L21vZHVsZWZpbGVzL0NvcmUiLCIvc3cvYXJjdHMvY2VudG9zNy9tb2R1bGVmaWxlcy9Db2xsZWN0aW9ucyIsfSxbInN5c3RlbUJhc2VNUEFUSCJdPSIvc3cvYXJjdHMvY2VudG9zNy9sbW9kL2xtb2QvbW9kdWxlZmlsZXMvQ29yZTovc3cvYXJjdHMvY2VudG9zNy9tb2R1bGVmaWxlcy9Db3JlOi9zdy9hcmMvY2VudG9zNy9tb2R1bGVmaWxlcy9Db3JlOi9zdy9hcmN0cy9jZW50b3M3L21vZHVsZWZpbGVzL0NvbGxlY3Rpb25zIix9
SLURM_PRIO_PROCESS=0
SLURM_NODE_ALIASES=(null)
SHELL=/bin/bash
TERM=xterm-256color
__LMOD_REF_COUNT_MODULEPATH=/sw/arcts/centos7/lmod/lmod/modulefiles/Core:1;/sw/arcts/centos7/modulefiles/Core:1;/sw/arc/centos7/modulefiles/Core:1;/sw/arcts/centos7/modulefiles/Collections:1
SLURM_JOB_QOS=normal
HISTSIZE=1000
TMPDIR=/tmp
SLURM_TOPOLOGY_ADDR_PATTERN=node
SSH_CLIENT=35.7.35.20 62353 22
MODULEPATH_ROOT=/sw/arcts/centos7/modulefiles
CUDA_INCLUDE=/sw/arcts/centos7/cudnn/11.2-v8.1.0/include
LMOD_PACKAGE_PATH=/sw/arcts/centos7/lmod
LIBRARY_PATH=/sw/arcts/centos7/cudnn/11.2-v8.1.0/lib64
LMOD_PKG=/sw/arcts/centos7/lmod/lmod
CLUSTER_NAME=greatlakes
QTDIR=/usr/lib64/qt-3.3
SLURM_JOB_GPUS=0
QTINC=/usr/lib64/qt-3.3/include
LMOD_VERSION=7.8.9
SSH_TTY=/dev/pts/84
__LMOD_REF_COUNT_LOADEDMODULES=python3.8-anaconda/2020.07:1;cuda/11.2.1:1;cudnn/11.2-v8.1.0:1
SLURM_MEM_PER_CPU=80000
QT_GRAPHICSSYSTEM_CHECKED=1
ROCR_VISIBLE_DEVICES=0
SLURM_NNODES=1
USER=hengshi
CUDA_HOME=/sw/arcts/centos7/cuda/11.2.1
LS_COLORS=rs=0:di=38;5;27:ln=38;5;51:mh=44;38;5;15:pi=40;38;5;11:so=38;5;13:do=38;5;5:bd=48;5;232;38;5;11:cd=48;5;232;38;5;3:or=48;5;232;38;5;9:mi=05;48;5;232;38;5;15:su=48;5;196;38;5;15:sg=48;5;11;38;5;16:ca=48;5;196;38;5;226:tw=48;5;10;38;5;16:ow=48;5;10;38;5;21:st=48;5;21;38;5;15:ex=38;5;34:*.tar=38;5;9:*.tgz=38;5;9:*.arc=38;5;9:*.arj=38;5;9:*.taz=38;5;9:*.lha=38;5;9:*.lz4=38;5;9:*.lzh=38;5;9:*.lzma=38;5;9:*.tlz=38;5;9:*.txz=38;5;9:*.tzo=38;5;9:*.t7z=38;5;9:*.zip=38;5;9:*.z=38;5;9:*.Z=38;5;9:*.dz=38;5;9:*.gz=38;5;9:*.lrz=38;5;9:*.lz=38;5;9:*.lzo=38;5;9:*.xz=38;5;9:*.bz2=38;5;9:*.bz=38;5;9:*.tbz=38;5;9:*.tbz2=38;5;9:*.tz=38;5;9:*.deb=38;5;9:*.rpm=38;5;9:*.jar=38;5;9:*.war=38;5;9:*.ear=38;5;9:*.sar=38;5;9:*.rar=38;5;9:*.alz=38;5;9:*.ace=38;5;9:*.zoo=38;5;9:*.cpio=38;5;9:*.7z=38;5;9:*.rz=38;5;9:*.cab=38;5;9:*.jpg=38;5;13:*.jpeg=38;5;13:*.gif=38;5;13:*.bmp=38;5;13:*.pbm=38;5;13:*.pgm=38;5;13:*.ppm=38;5;13:*.tga=38;5;13:*.xbm=38;5;13:*.xpm=38;5;13:*.tif=38;5;13:*.tiff=38;5;13:*.png=38;5;13:*.svg=38;5;13:*.svgz=38;5;13:*.mng=38;5;13:*.pcx=38;5;13:*.mov=38;5;13:*.mpg=38;5;13:*.mpeg=38;5;13:*.m2v=38;5;13:*.mkv=38;5;13:*.webm=38;5;13:*.ogm=38;5;13:*.mp4=38;5;13:*.m4v=38;5;13:*.mp4v=38;5;13:*.vob=38;5;13:*.qt=38;5;13:*.nuv=38;5;13:*.wmv=38;5;13:*.asf=38;5;13:*.rm=38;5;13:*.rmvb=38;5;13:*.flc=38;5;13:*.avi=38;5;13:*.fli=38;5;13:*.flv=38;5;13:*.gl=38;5;13:*.dl=38;5;13:*.xcf=38;5;13:*.xwd=38;5;13:*.yuv=38;5;13:*.cgm=38;5;13:*.emf=38;5;13:*.axv=38;5;13:*.anx=38;5;13:*.ogv=38;5;13:*.ogx=38;5;13:*.aac=38;5;45:*.au=38;5;45:*.flac=38;5;45:*.mid=38;5;45:*.midi=38;5;45:*.mka=38;5;45:*.mp3=38;5;45:*.mpc=38;5;45:*.ogg=38;5;45:*.ra=38;5;45:*.wav=38;5;45:*.axa=38;5;45:*.oga=38;5;45:*.spx=38;5;45:*.xspf=38;5;45:
LD_LIBRARY_PATH=/sw/arcts/centos7/cudnn/11.2-v8.1.0/lib64:/sw/arcts/centos7/cuda/11.2.1/lib64:/sw/arcts/centos7/python3.8-anaconda/2020.07/lib:/opt/slurm/lib64::
LMOD_sys=Linux
SLURM_JOBID=22654560
CPATH=/sw/arcts/centos7/cudnn/11.2-v8.1.0/include
TMOUT=86400
ANACONDA_LIB=/sw/arcts/centos7/python3.8-anaconda/2020.07/lib
__LMOD_REF_COUNT__LMFILES_=/sw/arcts/centos7/modulefiles/Core/python3.8-anaconda/2020.07.lua:1;/sw/arcts/centos7/modulefiles/Core/cuda/11.2.1.lua:1;/sw/arcts/centos7/modulefiles/Core/cudnn/11.2-v8.1.0.lua:1
SLURM_NTASKS=1
CUDA_INC=/sw/arcts/centos7/cudnn/11.2-v8.1.0/include
CUDA_LINK=/sw/arcts/centos7/cudnn/11.2-v8.1.0/lib64
SLURM_TASKS_PER_NODE=1
PATH=/sw/arcts/centos7/cuda/11.2.1/bin:/sw/arcts/centos7/python3.8-anaconda/2020.07/bin:/opt/TurboVNC/bin:/opt/slurm/bin:/opt/slurm/sbin:/usr/lib64/qt-3.3/bin:/sw/arcts/centos7/usertools/bin:/usr/local/bin:/usr/bin:/usr/local/sbin:/usr/sbin:/usr/lpp/mmfs/bin:/opt/ddn/ime/bin:/home/hengshi/.local/bin:/home/hengshi/bin
MAIL=/var/spool/mail/hengshi
_ModuleTable001_=X01vZHVsZVRhYmxlXz17WyJNVHZlcnNpb24iXT0zLFsiY19yZWJ1aWxkVGltZSJdPWZhbHNlLFsiY19zaG9ydFRpbWUiXT1mYWxzZSxkZXB0aFQ9e30sZmFtaWx5PXtbImFuYWNvbmRhMyJdPSJweXRob24zLjgtYW5hY29uZGEiLH0sbVQ9e2N1ZGE9e1siZm4iXT0iL3N3L2FyY3RzL2NlbnRvczcvbW9kdWxlZmlsZXMvQ29yZS9jdWRhLzExLjIuMS5sdWEiLFsiZnVsbE5hbWUiXT0iY3VkYS8xMS4yLjEiLFsibG9hZE9yZGVyIl09Mixwcm9wVD17fSxbInN0YWNrRGVwdGgiXT0wLFsic3RhdHVzIl09ImFjdGl2ZSIsWyJ1c2VyTmFtZSJdPSJjdWRhIix9LGN1ZG5uPXtbImZuIl09Ii9zdy9hcmN0cy9jZW50b3M3L21vZHVsZWZpbGVzL0NvcmUvY3Vkbm4vMTEuMi12OC4xLjAubHVh
SLURM_WORKING_CLUSTER=greatlakes:glctld:6817:8960:109
SLURM_CONF=/opt/slurm/etc/slurm.conf
SLURM_JOB_ID=22654560
SLURM_JOB_USER=hengshi
PWD=/scratch/welchjd_root/welchjd/hengshi/GAN/perturb_gan/genotype_vae
CUDA_LIB=/sw/arcts/centos7/cudnn/11.2-v8.1.0/lib64
CUDA_VISIBLE_DEVICES=0
_LMFILES_=/sw/arcts/centos7/modulefiles/Core/python3.8-anaconda/2020.07.lua:/sw/arcts/centos7/modulefiles/Core/cuda/11.2.1.lua:/sw/arcts/centos7/modulefiles/Core/cudnn/11.2-v8.1.0.lua
LANG=en_US.UTF-8
MODULEPATH=/sw/arcts/centos7/lmod/lmod/modulefiles/Core:/sw/arcts/centos7/modulefiles/Core:/sw/arc/centos7/modulefiles/Core:/sw/arcts/centos7/modulefiles/Collections
SLURM_JOB_UID=99536962
KDEDIRS=/usr
ANACONDA_ROOT=/sw/arcts/centos7/python3.8-anaconda/2020.07
LOADEDMODULES=python3.8-anaconda/2020.07:cuda/11.2.1:cudnn/11.2-v8.1.0
_ModuleTable_Sz_=3
SLURM_NODEID=0
SLURM_SUBMIT_DIR=/gpfs/accounts/welchjd_root/welchjd/hengshi/GAN/perturb_gan/genotype_vae
SLURM_TASK_PID=162877
SLURM_NPROCS=1
LMOD_CMD=/sw/arcts/centos7/lmod/lmod/libexec/lmod
SLURM_CPUS_ON_NODE=1
SQUEUE_FORMAT=%.18i %.9P %.8j %.8u %.8a %.2t %.10M %.6D %R
LMOD_AVAIL_STYLE=grouped
SLURM_PROCID=0
ENVIRONMENT=BATCH
KRB5CCNAME=FILE:/tmp/krb5cc_99536962_KINCav
HISTCONTROL=ignoredups
SSH_ASKPASS=/usr/libexec/openssh/gnome-ssh-askpass
CUDNN_ROOT=/sw/arcts/centos7/cudnn/11.2-v8.1.0
SLURM_JOB_NODELIST=gl1014
HOME=/home/hengshi
SHLVL=2
SLURM_LOCALID=0
__LMOD_REF_COUNT_PATH=/sw/arcts/centos7/cuda/11.2.1/bin:1;/sw/arcts/centos7/python3.8-anaconda/2020.07/bin:1;/opt/TurboVNC/bin:1;/opt/slurm/bin:1;/opt/slurm/sbin:1;/usr/lib64/qt-3.3/bin:1;/sw/arcts/centos7/usertools/bin:1;/usr/local/bin:1;/usr/bin:1;/usr/local/sbin:1;/usr/sbin:1;/usr/lpp/mmfs/bin:1;/opt/ddn/ime/bin:1;/home/hengshi/.local/bin:1;/home/hengshi/bin:1
__LMOD_REF_COUNT_CPATH=/sw/arcts/centos7/cudnn/11.2-v8.1.0/include:1
SLURM_JOB_GID=99536962
SLURM_JOB_CPUS_PER_NODE=1
SLURM_CLUSTER_NAME=greatlakes
_ModuleTable002_=IixbImZ1bGxOYW1lIl09ImN1ZG5uLzExLjItdjguMS4wIixbImxvYWRPcmRlciJdPTMscHJvcFQ9e30sWyJzdGFja0RlcHRoIl09MCxbInN0YXR1cyJdPSJhY3RpdmUiLFsidXNlck5hbWUiXT0iY3Vkbm4iLH0sWyJweXRob24zLjgtYW5hY29uZGEiXT17WyJmbiJdPSIvc3cvYXJjdHMvY2VudG9zNy9tb2R1bGVmaWxlcy9Db3JlL3B5dGhvbjMuOC1hbmFjb25kYS8yMDIwLjA3Lmx1YSIsWyJmdWxsTmFtZSJdPSJweXRob24zLjgtYW5hY29uZGEvMjAyMC4wNyIsWyJsb2FkT3JkZXIiXT0xLHByb3BUPXt9LFsic3RhY2tEZXB0aCJdPTAsWyJzdGF0dXMiXT0iYWN0aXZlIixbInVzZXJOYW1lIl09InB5dGhvbjMuOC1hbmFjb25kYS8yMDIwLjA3Iix9LH0sbXBhdGhBPXsiL3N3L2Fy
SLURM_GTIDS=0
SLURM_SUBMIT_HOST=gl-login2.arc-ts.umich.edu
SLURM_JOB_PARTITION=gpu
BASH_ENV=/sw/arcts/centos7/lmod/lmod/init/bash
LOGNAME=hengshi
CVS_RSH=ssh
QTLIB=/usr/lib64/qt-3.3/lib
GPU_DEVICE_ORDINAL=0
SLURM_JOB_ACCOUNT=welchjd1
SSH_CONNECTION=35.7.35.20 62353 141.211.192.39 22
XDG_DATA_DIRS=/home/hengshi/.local/share/flatpak/exports/share:/var/lib/flatpak/exports/share:/usr/local/share:/usr/share
SLURM_JOB_NUM_NODES=1
MODULESHOME=/sw/arcts/centos7/lmod/lmod
__LMOD_REF_COUNT_LIBRARY_PATH=/sw/arcts/centos7/cudnn/11.2-v8.1.0/lib64:1
LESSOPEN=||/usr/bin/lesspipe.sh %s
LMOD_SETTARG_FULL_SUPPORT=no
__LMOD_REF_COUNT_LD_LIBRARY_PATH=/sw/arcts/centos7/cudnn/11.2-v8.1.0/lib64:1;/sw/arcts/centos7/cuda/11.2.1/lib64:1;/sw/arcts/centos7/python3.8-anaconda/2020.07/lib:1;/opt/slurm/lib64:1
LMOD_FAMILY_ANACONDA3_VERSION=2020.07
XDG_RUNTIME_DIR=/run/user/99536962
QT_PLUGIN_PATH=/usr/lib64/kde4/plugins:/usr/lib/kde4/plugins
LMOD_DIR=/sw/arcts/centos7/lmod/lmod/libexec
CUDA_ROOT=/sw/arcts/centos7/cuda/11.2.1
LMOD_FAMILY_ANACONDA3=python3.8-anaconda
__LMOD_REF_COUNT_MANPATH=/sw/arcts/centos7/cuda/11.2.1/doc/man:1;/sw/arcts/centos7/python3.8-anaconda/2020.07/lib:1;/sw/arcts/centos7/lmod/lmod/share/man:1;/usr/local/share/man:1;/usr/share/man/overrides:1;/usr/share/man:1;/opt/ddn/ime/share/man:2;/opt/slurm/share/man:1;/opt/TurboVNC/man:1
CUDNN_HOME=/sw/arcts/centos7/cudnn/11.2-v8.1.0
ANACONDA_SHARE=/sw/arcts/centos7/python3.8-anaconda/2020.07/share
BASH_FUNC_module()=() {  eval $($LMOD_CMD bash "$@") && eval $(${LMOD_SETTARG_CMD:-:} -s sh)
}
BASH_FUNC_ml()=() {  eval $($LMOD_DIR/ml_cmd "$@")
}
_=/usr/bin/printenv
/home/hengshi/.local/lib/python3.8/site-packages/torch/nn/_reduction.py:44: UserWarning: size_average and reduce args will be deprecated, please use reduction='sum' instead.
  warnings.warn(warning.format(ret))
